[0113/113346.222:ERROR:directory_reader_win.cc(43)] FindFirstFile: The system cannot find the path specified. (0x3)
[0113/130547.158:ERROR:directory_reader_win.cc(43)] FindFirstFile: The system cannot find the path specified. (0x3)
[0113/162731.702:ERROR:process_reader_win.cc(123)] NtOpenThread: {Access Denied} A process has requested access to an object, but has not been granted those access rights. (0xc0000022)
[0113/162731.703:ERROR:exception_snapshot_win.cc(99)] thread ID 21500 not found in process
[0113/162731.717:ERROR:process_reader_win.cc(123)] NtOpenThread: {Access Denied} A process has requested access to an object, but has not been granted those access rights. (0xc0000022)
[0113/162731.717:ERROR:exception_snapshot_win.cc(99)] thread ID 27360 not found in process
[0113/164241.128:ERROR:directory_reader_win.cc(43)] FindFirstFile: The system cannot find the path specified. (0x3)
[0113/173554.606:ERROR:process_reader_win.cc(123)] NtOpenThread: {Access Denied} A process has requested access to an object, but has not been granted those access rights. (0xc0000022)
[0113/173554.607:ERROR:exception_snapshot_win.cc(99)] thread ID 62156 not found in process
[0113/173554.641:ERROR:process_reader_win.cc(123)] NtOpenThread: {Access Denied} A process has requested access to an object, but has not been granted those access rights. (0xc0000022)
[0113/173554.641:ERROR:exception_snapshot_win.cc(99)] thread ID 18640 not found in process
[0114/081648.534:ERROR:process_reader_win.cc(123)] NtOpenThread: {Access Denied} A process has requested access to an object, but has not been granted those access rights. (0xc0000022)
[0114/081648.536:ERROR:exception_snapshot_win.cc(99)] thread ID 8168 not found in process
[0114/081648.546:ERROR:process_reader_win.cc(123)] NtOpenThread: {Access Denied} A process has requested access to an object, but has not been granted those access rights. (0xc0000022)
[0114/081648.546:ERROR:exception_snapshot_win.cc(99)] thread ID 36392 not found in process
[0114/081648.534:ERROR:process_reader_win.cc(123)] NtOpenThread: {Access Denied} A process has requested access to an object, but has not been granted those access rights. (0xc0000022)
[0114/081648.635:ERROR:exception_snapshot_win.cc(99)] thread ID 24880 not found in process
[0114/081648.635:ERROR:scoped_process_suspend.cc(40)] NtResumeProcess: An attempt was made to access an exiting process. (0xc000010a)
[0114/082751.869:ERROR:directory_reader_win.cc(43)] FindFirstFile: The system cannot find the path specified. (0x3)
[0114/162212.897:ERROR:process_reader_win.cc(123)] NtOpenThread: {Access Denied} A process has requested access to an object, but has not been granted those access rights. (0xc0000022)
[0114/162212.897:ERROR:exception_snapshot_win.cc(99)] thread ID 43528 not found in process
[0114/162212.907:ERROR:process_reader_win.cc(123)] NtOpenThread: {Access Denied} A process has requested access to an object, but has not been granted those access rights. (0xc0000022)
[0114/162212.907:ERROR:exception_snapshot_win.cc(99)] thread ID 64024 not found in process
[0119/135505.344:ERROR:process_reader_win.cc(123)] NtOpenThread: {Access Denied} A process has requested access to an object, but has not been granted those access rights. (0xc0000022)
[0119/135505.346:ERROR:exception_snapshot_win.cc(99)] thread ID 11432 not found in process
[0119/135505.360:ERROR:process_reader_win.cc(123)] NtOpenThread: {Access Denied} A process has requested access to an object, but has not been granted those access rights. (0xc0000022)
[0119/135505.360:ERROR:exception_snapshot_win.cc(99)] thread ID 64680 not found in process
[0119/141603.685:ERROR:process_reader_win.cc(123)] NtOpenThread: {Access Denied} A process has requested access to an object, but has not been granted those access rights. (0xc0000022)
[0119/141603.685:ERROR:exception_snapshot_win.cc(99)] thread ID 53164 not found in process
[0119/141603.685:ERROR:process_reader_win.cc(123)] NtOpenThread: {Access Denied} A process has requested access to an object, but has not been granted those access rights. (0xc0000022)
[0119/141603.687:ERROR:exception_snapshot_win.cc(99)] thread ID 44124 not found in process
[0119/141603.710:ERROR:process_reader_win.cc(151)] SuspendThread: Access is denied. (0x5)
[0119/141603.710:ERROR:process_reader_win.cc(123)] NtOpenThread: {Access Denied} A process has requested access to an object, but has not been granted those access rights. (0xc0000022)
[0119/141603.710:ERROR:exception_snapshot_win.cc(99)] thread ID 52036 not found in process
[0119/141603.712:ERROR:process_reader_win.cc(123)] NtOpenThread: {Access Denied} A process has requested access to an object, but has not been granted those access rights. (0xc0000022)
[0119/141603.712:ERROR:exception_snapshot_win.cc(99)] thread ID 41024 not found in process
[0119/142614.374:ERROR:directory_reader_win.cc(43)] FindFirstFile: The system cannot find the path specified. (0x3)
